<?xml version="1.0" encoding="UTF-8"?>
<!-- Generated by org.testng.reporters.JUnitReportReporter -->
<testsuite hostname="LAPTOP-IL8SBD7O" failures="0" tests="1" name="package1.ContactTest" time="0.008" errors="0" timestamp="2024-05-16T02:37:00 PDT" skipped="0">
  <testcase classname="package1.ContactTest" name="createContactTest" time="0.008"/>
</testsuite> <!-- package1.ContactTest -->
